<?xml version="1.0" encoding="UTF-8"?>
<!-- Generated by org.testng.reporters.JUnitReportReporter -->
<testsuite hostname="fizzmod-Inspiron-14-3467" failures="0" tests="3" name="tests.testNG.SocioTest" time="0.034" errors="0" timestamp="2022-06-23T19:59:48 ART" skipped="0">
  <testcase classname="tests.testNG.SocioTest" name="actividadRepetida" time="0.029"/>
  <system-out/>
  <testcase classname="tests.testNG.SocioTest" name="validarToString" time="0.002"/>
  <system-out/>
  <testcase classname="tests.testNG.SocioTest" name="socioRepetido" time="0.003"/>
  <system-out/>
</testsuite> <!-- tests.testNG.SocioTest -->
