<?xml version="1.0" encoding="UTF-8"?>
<!-- Generated by org.testng.reporters.JUnitReportReporter -->
<testsuite hostname="fizzmod-Inspiron-14-3467" failures="0" tests="1" name="parcial.tdyv.java.SocioTEST" time="0.023" errors="0" timestamp="2022-06-22T17:13:59 ART" skipped="0">
  <testcase classname="parcial.tdyv.java.SocioTEST" name="socioRepetido" time="0.023"/>
  <system-out/>
</testsuite> <!-- parcial.tdyv.java.SocioTEST -->
